0 info it worked if it ends with ok
1 verbose cli [ '/Users/georgia/.nvm/versions/node/v6.10.0/bin/node',
1 verbose cli   '/Users/georgia/.nvm/versions/node/v6.10.0/bin/npm',
1 verbose cli   'run',
1 verbose cli   'local' ]
2 info using npm@3.10.10
3 info using node@v6.10.0
4 verbose run-script [ 'prelocal', 'local', 'postlocal' ]
5 info lifecycle cv-staff-app@1.0.0~prelocal: cv-staff-app@1.0.0
6 silly lifecycle cv-staff-app@1.0.0~prelocal: no script for prelocal, continuing
7 info lifecycle cv-staff-app@1.0.0~local: cv-staff-app@1.0.0
8 verbose lifecycle cv-staff-app@1.0.0~local: unsafe-perm in lifecycle true
9 verbose lifecycle cv-staff-app@1.0.0~local: PATH: /Users/georgia/.nvm/versions/node/v6.10.0/lib/node_modules/npm/bin/node-gyp-bin:/Users/georgia/Code/cv-staff-app/node_modules/.bin:/Users/georgia/.nvm/versions/node/v6.10.0/bin:/usr/local/bin:/usr/bin:/bin:/usr/sbin:/sbin:/opt/X11/bin:/usr/local/git/bin:/usr/texbin:/Applications/Wireshark.app/Contents/MacOS
10 verbose lifecycle cv-staff-app@1.0.0~local: CWD: /Users/georgia/Code/cv-staff-app
11 silly lifecycle cv-staff-app@1.0.0~local: Args: [ '-c', 'bankai index.js' ]
12 silly lifecycle cv-staff-app@1.0.0~local: Returned: code: 1  signal: null
13 info lifecycle cv-staff-app@1.0.0~local: Failed to exec local script
14 verbose stack Error: cv-staff-app@1.0.0 local: `bankai index.js`
14 verbose stack Exit status 1
14 verbose stack     at EventEmitter.<anonymous> (/Users/georgia/.nvm/versions/node/v6.10.0/lib/node_modules/npm/lib/utils/lifecycle.js:255:16)
14 verbose stack     at emitTwo (events.js:106:13)
14 verbose stack     at EventEmitter.emit (events.js:191:7)
14 verbose stack     at ChildProcess.<anonymous> (/Users/georgia/.nvm/versions/node/v6.10.0/lib/node_modules/npm/lib/utils/spawn.js:40:14)
14 verbose stack     at emitTwo (events.js:106:13)
14 verbose stack     at ChildProcess.emit (events.js:191:7)
14 verbose stack     at maybeClose (internal/child_process.js:877:16)
14 verbose stack     at Process.ChildProcess._handle.onexit (internal/child_process.js:226:5)
15 verbose pkgid cv-staff-app@1.0.0
16 verbose cwd /Users/georgia/Code/cv-staff-app
17 error Darwin 16.6.0
18 error argv "/Users/georgia/.nvm/versions/node/v6.10.0/bin/node" "/Users/georgia/.nvm/versions/node/v6.10.0/bin/npm" "run" "local"
19 error node v6.10.0
20 error npm  v3.10.10
21 error code ELIFECYCLE
22 error cv-staff-app@1.0.0 local: `bankai index.js`
22 error Exit status 1
23 error Failed at the cv-staff-app@1.0.0 local script 'bankai index.js'.
23 error Make sure you have the latest version of node.js and npm installed.
23 error If you do, this is most likely a problem with the cv-staff-app package,
23 error not with npm itself.
23 error Tell the author that this fails on your system:
23 error     bankai index.js
23 error You can get information on how to open an issue for this project with:
23 error     npm bugs cv-staff-app
23 error Or if that isn't available, you can get their info via:
23 error     npm owner ls cv-staff-app
23 error There is likely additional logging output above.
24 verbose exit [ 1, true ]
